<?xml version="1.0" encoding="UTF-8"?>
<!-- Generated by org.testng.reporters.JUnitXMLReporter -->
<testsuite ignored="5" hostname="DESKTOP-AIJBEU9" failures="0" tests="2" name="Test1" time="11.208" errors="0" timestamp="2025-06-10T11:20:23 IST">
  <testcase classname="practice.testNG1.BeforeAfterMethodEx" name="test123" time="0.015"/>
  <testcase classname="practice.testNG1.Ex3" name="verifyLoginFunctionality" time="11.066"/>
  <testcase classname="practice.testNG1.Ex3" name="verifyLoginURL" time="0.0">
    <ignored/>
  </testcase> <!-- verifyLoginURL -->
  <testcase classname="practice.testNG1.Ex3" name="verifyLoginPageTitle" time="0.0">
    <ignored/>
  </testcase> <!-- verifyLoginPageTitle -->
  <testcase classname="practice.testNG1.BeforeAfterMethodEx" name="verifyLoginURL" time="0.0">
    <ignored/>
  </testcase> <!-- verifyLoginURL -->
  <testcase classname="practice.testNG1.BeforeAfterMethodEx" name="verifyLoginTitle" time="0.0">
    <ignored/>
  </testcase> <!-- verifyLoginTitle -->
  <testcase classname="practice.testNG1.BeforeAfterMethodEx" name="verifyLoginFunctionality" time="0.0">
    <ignored/>
  </testcase> <!-- verifyLoginFunctionality -->
</testsuite> <!-- Test1 -->
