<?xml version="1.0" encoding="UTF-8"?>
<testng-results ignored="1" total="3" passed="2" failed="0" skipped="0">
  <reporter-output>
  </reporter-output>
  <suite started-at="2025-06-25T13:18:22 IST" name="All Test Suite" finished-at="2025-06-25T13:18:37 IST" duration-ms="14620">
    <groups>
    </groups>
    <test started-at="2025-06-25T13:18:22 IST" name="F:/Workspace/Maven/src/test/java/sample/testNG2" finished-at="2025-06-25T13:18:37 IST" duration-ms="14620">
      <class name="sample.testNG2.Sample1">
        <test-method signature="verifyLoginPageTitle()[pri:-50, instance:sample.testNG2.Sample1@4d5d943d]" started-at="2025-06-25T13:18:22 IST" name="verifyLoginPageTitle" finished-at="2025-06-25T13:18:31 IST" duration-ms="8395" status="PASS">
          <reporter-output>
          </reporter-output>
        </test-method> <!-- verifyLoginPageTitle -->
        <test-method signature="verifyLoginURL()[pri:0, instance:sample.testNG2.Sample1@4d5d943d]" started-at="2025-06-25T13:18:31 IST" name="verifyLoginURL" finished-at="2025-06-25T13:18:37 IST" duration-ms="6103" status="PASS">
          <reporter-output>
          </reporter-output>
        </test-method> <!-- verifyLoginURL -->
      </class> <!-- sample.testNG2.Sample1 -->
    </test> <!-- F:/Workspace/Maven/src/test/java/sample/testNG2 -->
  </suite> <!-- All Test Suite -->
</testng-results>
